2025-11-19 10:02:12,977 INFO --- loda_sungjuk 호출됨
2025-11-19 10:02:12,977 INFO --- 성적 데이터가 성공적으로 초기화 되었습니다
2025-11-19 10:02:19,501 INFO --- input_sungjuk 호출됨
2025-11-19 10:02:24,442 ERROR --- 점수는 숫자만 입력가능합니다
2025-11-19 10:10:38,004 INFO --- loda_sungjuk 호출됨
2025-11-19 10:10:38,005 INFO --- 성적 데이터가 성공적으로 초기화 되었습니다
2025-11-19 10:10:56,017 INFO --- loda_sungjuk 호출됨
2025-11-19 10:10:56,018 INFO --- 성적 데이터가 성공적으로 초기화 되었습니다
2025-11-19 10:10:57,780 INFO --- input_sungjuk 호출됨
2025-11-19 10:11:03,787 ERROR --- 점수는 숫자만 입력가능합니다
2025-11-19 10:11:06,899 INFO --- input_sungjuk 호출됨
2025-11-19 10:11:12,074 INFO --- compute_sungjuk 호출됨
2025-11-19 10:11:12,075 INFO --- add_sungjuk 호출됨 
2025-11-19 10:11:12,075 ERROR --- write_sungjuk 오류 발생 <class 'IndexError'>
2025-11-19 10:33:43,552 INFO --- loda_sungjuk 호출됨
2025-11-19 10:33:43,552 INFO --- 성적 데이터가 성공적으로 초기화 되었습니다
2025-11-19 10:33:47,197 INFO --- input_sungjuk 호출됨
2025-11-19 10:33:53,245 INFO --- compute_sungjuk 호출됨
2025-11-19 10:33:53,245 INFO --- add_sungjuk 호출됨 
2025-11-19 10:33:53,246 INFO --- write_sungjuk 호출됨
2025-11-19 10:33:54,084 INFO --- readall_sungjuk 호출됨
2025-11-19 10:39:13,279 INFO --- loda_sungjuk 호출됨
2025-11-19 10:39:13,279 INFO --- 성적 데이터가 성공적으로 초기화 되었습니다
2025-11-19 10:39:15,540 INFO --- input_sungjuk 호출됨
2025-11-19 10:39:22,532 INFO --- compute_sungjuk 호출됨
2025-11-19 10:39:22,532 INFO --- add_sungjuk 호출됨 
2025-11-19 10:39:22,533 INFO --- write_sungjuk 호출됨
2025-11-19 10:39:26,220 INFO --- input_sungjuk 호출됨
2025-11-19 10:39:34,252 INFO --- compute_sungjuk 호출됨
2025-11-19 10:39:34,252 INFO --- add_sungjuk 호출됨 
2025-11-19 10:39:34,253 INFO --- write_sungjuk 호출됨
2025-11-19 10:39:35,205 INFO --- readall_sungjuk 호출됨
2025-11-19 10:39:49,085 INFO --- readone_sungjuk 호출됨
2025-11-19 10:40:14,653 INFO --- readone_sungjuk 호출됨
